{"D:\\skylab\\bootcamp\\Josep_Final-Project-202104\\proyecto final\\frontend\\src\\components\\Cart\\Cart.tsx": {"path":"D:\\skylab\\bootcamp\\Josep_Final-Project-202104\\proyecto final\\frontend\\src\\components\\Cart\\Cart.tsx","statementMap":{"0":{"start":{"line":11,"column":13},"end":{"line":89,"column":1}},"1":{"start":{"line":12,"column":15},"end":{"line":12,"column":59}},"2":{"start":{"line":12,"column":48},"end":{"line":12,"column":58}},"3":{"start":{"line":13,"column":15},"end":{"line":13,"column":59}},"4":{"start":{"line":13,"column":48},"end":{"line":13,"column":58}},"5":{"start":{"line":14,"column":19},"end":{"line":14,"column":32}},"6":{"start":{"line":15,"column":20},"end":{"line":15,"column":21}},"7":{"start":{"line":16,"column":2},"end":{"line":88,"column":3}},"8":{"start":{"line":31,"column":6},"end":{"line":62,"column":13}},"9":{"start":{"line":49,"column":14},"end":{"line":49,"column":44}},"10":{"start":{"line":71,"column":20},"end":{"line":71,"column":54}},"11":{"start":{"line":90,"column":15},"end":{"line":191,"column":2}}},"fnMap":{"0":{"name":"(anonymous_0)","decl":{"start":{"line":11,"column":13},"end":{"line":11,"column":14}},"loc":{"start":{"line":11,"column":38},"end":{"line":89,"column":1}},"line":11},"1":{"name":"(anonymous_1)","decl":{"start":{"line":12,"column":27},"end":{"line":12,"column":28}},"loc":{"start":{"line":12,"column":48},"end":{"line":12,"column":58}},"line":12},"2":{"name":"(anonymous_2)","decl":{"start":{"line":13,"column":27},"end":{"line":13,"column":28}},"loc":{"start":{"line":13,"column":48},"end":{"line":13,"column":58}},"line":13},"3":{"name":"(anonymous_3)","decl":{"start":{"line":30,"column":15},"end":{"line":30,"column":16}},"loc":{"start":{"line":31,"column":6},"end":{"line":62,"column":13}},"line":31},"4":{"name":"(anonymous_4)","decl":{"start":{"line":48,"column":22},"end":{"line":48,"column":23}},"loc":{"start":{"line":48,"column":27},"end":{"line":50,"column":13}},"line":48},"5":{"name":"(anonymous_5)","decl":{"start":{"line":70,"column":27},"end":{"line":70,"column":28}},"loc":{"start":{"line":70,"column":32},"end":{"line":72,"column":19}},"line":70}},"branchMap":{"0":{"loc":{"start":{"line":68,"column":8},"end":{"line":84,"column":7}},"type":"cond-expr","locations":[{"start":{"line":69,"column":16},"end":{"line":81,"column":37}},{"start":{"line":83,"column":8},"end":{"line":83,"column":68}}],"line":68}},"s":{"0":1,"1":4,"2":9,"3":4,"4":9,"5":4,"6":4,"7":4,"8":4,"9":1,"10":1,"11":1},"f":{"0":4,"1":9,"2":9,"3":4,"4":1,"5":1},"b":{"0":[2,2]},"_coverageSchema":"1a1c01bbd47fc00a2c39e90264f33305004495a9","hash":"25f6aee1ee08527981a87e7449be3b16bbc4e915"}
,"D:\\skylab\\bootcamp\\Josep_Final-Project-202104\\proyecto final\\frontend\\src\\components\\Detail\\Detail.tsx": {"path":"D:\\skylab\\bootcamp\\Josep_Final-Project-202104\\proyecto final\\frontend\\src\\components\\Detail\\Detail.tsx","statementMap":{"0":{"start":{"line":15,"column":15},"end":{"line":73,"column":1}},"1":{"start":{"line":16,"column":16},"end":{"line":16,"column":55}},"2":{"start":{"line":16,"column":43},"end":{"line":16,"column":54}},"3":{"start":{"line":17,"column":19},"end":{"line":17,"column":32}},"4":{"start":{"line":18,"column":25},"end":{"line":18,"column":37}},"5":{"start":{"line":19,"column":21},"end":{"line":19,"column":76}},"6":{"start":{"line":19,"column":50},"end":{"line":19,"column":75}},"7":{"start":{"line":20,"column":2},"end":{"line":72,"column":4}},"8":{"start":{"line":48,"column":12},"end":{"line":49,"column":46}},"9":{"start":{"line":74,"column":15},"end":{"line":142,"column":2}}},"fnMap":{"0":{"name":"(anonymous_0)","decl":{"start":{"line":15,"column":15},"end":{"line":15,"column":16}},"loc":{"start":{"line":15,"column":39},"end":{"line":73,"column":1}},"line":15},"1":{"name":"(anonymous_1)","decl":{"start":{"line":16,"column":28},"end":{"line":16,"column":29}},"loc":{"start":{"line":16,"column":43},"end":{"line":16,"column":54}},"line":16},"2":{"name":"(anonymous_2)","decl":{"start":{"line":19,"column":34},"end":{"line":19,"column":35}},"loc":{"start":{"line":19,"column":50},"end":{"line":19,"column":75}},"line":19},"3":{"name":"(anonymous_3)","decl":{"start":{"line":47,"column":19},"end":{"line":47,"column":20}},"loc":{"start":{"line":48,"column":12},"end":{"line":49,"column":46}},"line":48}},"branchMap":{"0":{"loc":{"start":{"line":37,"column":8},"end":{"line":41,"column":9}},"type":"cond-expr","locations":[{"start":{"line":38,"column":12},"end":{"line":38,"column":31}},{"start":{"line":40,"column":12},"end":{"line":40,"column":37}}],"line":37},"1":{"loc":{"start":{"line":44,"column":8},"end":{"line":67,"column":7}},"type":"cond-expr","locations":[{"start":{"line":45,"column":8},"end":{"line":57,"column":29}},{"start":{"line":59,"column":8},"end":{"line":66,"column":15}}],"line":44}},"s":{"0":1,"1":3,"2":7,"3":3,"4":3,"5":3,"6":3,"7":3,"8":1,"9":1},"f":{"0":3,"1":7,"2":3,"3":1},"b":{"0":[2,1],"1":[3,0]},"_coverageSchema":"1a1c01bbd47fc00a2c39e90264f33305004495a9","hash":"8bf7632213a4611e15585cec86deedbf25274824"}
,"D:\\skylab\\bootcamp\\Josep_Final-Project-202104\\proyecto final\\frontend\\src\\components\\List\\MotosList.tsx": {"path":"D:\\skylab\\bootcamp\\Josep_Final-Project-202104\\proyecto final\\frontend\\src\\components\\List\\MotosList.tsx","statementMap":{"0":{"start":{"line":24,"column":16},"end":{"line":24,"column":61}},"1":{"start":{"line":24,"column":49},"end":{"line":24,"column":60}},"2":{"start":{"line":25,"column":19},"end":{"line":25,"column":32}},"3":{"start":{"line":26,"column":2},"end":{"line":28,"column":9}},"4":{"start":{"line":27,"column":4},"end":{"line":27,"column":25}},"5":{"start":{"line":29,"column":21},"end":{"line":29,"column":33}},"6":{"start":{"line":30,"column":24},"end":{"line":30,"column":255}},"7":{"start":{"line":30,"column":53},"end":{"line":30,"column":254}},"8":{"start":{"line":31,"column":2},"end":{"line":73,"column":4}},"9":{"start":{"line":42,"column":10},"end":{"line":69,"column":17}},"10":{"start":{"line":45,"column":16},"end":{"line":45,"column":71}},"11":{"start":{"line":75,"column":15},"end":{"line":133,"column":2}}},"fnMap":{"0":{"name":"MotosList","decl":{"start":{"line":23,"column":9},"end":{"line":23,"column":18}},"loc":{"start":{"line":23,"column":47},"end":{"line":74,"column":1}},"line":23},"1":{"name":"(anonymous_1)","decl":{"start":{"line":24,"column":28},"end":{"line":24,"column":29}},"loc":{"start":{"line":24,"column":49},"end":{"line":24,"column":60}},"line":24},"2":{"name":"(anonymous_2)","decl":{"start":{"line":26,"column":12},"end":{"line":26,"column":13}},"loc":{"start":{"line":26,"column":18},"end":{"line":28,"column":3}},"line":26},"3":{"name":"(anonymous_3)","decl":{"start":{"line":30,"column":37},"end":{"line":30,"column":38}},"loc":{"start":{"line":30,"column":53},"end":{"line":30,"column":254}},"line":30},"4":{"name":"(anonymous_4)","decl":{"start":{"line":41,"column":27},"end":{"line":41,"column":28}},"loc":{"start":{"line":42,"column":10},"end":{"line":69,"column":17}},"line":42},"5":{"name":"(anonymous_5)","decl":{"start":{"line":44,"column":23},"end":{"line":44,"column":24}},"loc":{"start":{"line":45,"column":16},"end":{"line":45,"column":71}},"line":45}},"branchMap":{"0":{"loc":{"start":{"line":30,"column":53},"end":{"line":30,"column":254}},"type":"binary-expr","locations":[{"start":{"line":30,"column":54},"end":{"line":30,"column":104}},{"start":{"line":30,"column":110},"end":{"line":30,"column":161}},{"start":{"line":30,"column":167},"end":{"line":30,"column":219}},{"start":{"line":30,"column":225},"end":{"line":30,"column":253}}],"line":30},"1":{"loc":{"start":{"line":61,"column":16},"end":{"line":66,"column":17}},"type":"cond-expr","locations":[{"start":{"line":62,"column":14},"end":{"line":62,"column":75}},{"start":{"line":65,"column":16},"end":{"line":65,"column":21}}],"line":61}},"s":{"0":6,"1":18,"2":6,"3":6,"4":6,"5":6,"6":6,"7":6,"8":6,"9":4,"10":2,"11":1},"f":{"0":6,"1":18,"2":6,"3":6,"4":4,"5":2},"b":{"0":[6,4,4,2],"1":[4,0]},"_coverageSchema":"1a1c01bbd47fc00a2c39e90264f33305004495a9","hash":"ac3402be9a279ac3ce713d9faa4554eb3d2b2be4"}
,"D:\\skylab\\bootcamp\\Josep_Final-Project-202104\\proyecto final\\frontend\\src\\components\\Lobby\\Lobby.tsx": {"path":"D:\\skylab\\bootcamp\\Josep_Final-Project-202104\\proyecto final\\frontend\\src\\components\\Lobby\\Lobby.tsx","statementMap":{"0":{"start":{"line":12,"column":14},"end":{"line":163,"column":1}},"1":{"start":{"line":13,"column":15},"end":{"line":13,"column":59}},"2":{"start":{"line":13,"column":48},"end":{"line":13,"column":58}},"3":{"start":{"line":14,"column":19},"end":{"line":14,"column":32}},"4":{"start":{"line":15,"column":36},"end":{"line":15,"column":48}},"5":{"start":{"line":16,"column":2},"end":{"line":162,"column":4}},"6":{"start":{"line":36,"column":39},"end":{"line":36,"column":62}},"7":{"start":{"line":40,"column":25},"end":{"line":40,"column":76}},"8":{"start":{"line":62,"column":25},"end":{"line":62,"column":43}},"9":{"start":{"line":78,"column":39},"end":{"line":78,"column":62}},"10":{"start":{"line":82,"column":25},"end":{"line":82,"column":76}},"11":{"start":{"line":99,"column":25},"end":{"line":99,"column":75}},"12":{"start":{"line":109,"column":25},"end":{"line":109,"column":75}},"13":{"start":{"line":119,"column":25},"end":{"line":119,"column":74}},"14":{"start":{"line":129,"column":25},"end":{"line":129,"column":73}},"15":{"start":{"line":139,"column":25},"end":{"line":139,"column":74}},"16":{"start":{"line":149,"column":25},"end":{"line":149,"column":73}},"17":{"start":{"line":165,"column":15},"end":{"line":256,"column":2}}},"fnMap":{"0":{"name":"(anonymous_0)","decl":{"start":{"line":12,"column":14},"end":{"line":12,"column":15}},"loc":{"start":{"line":12,"column":39},"end":{"line":163,"column":1}},"line":12},"1":{"name":"(anonymous_1)","decl":{"start":{"line":13,"column":27},"end":{"line":13,"column":28}},"loc":{"start":{"line":13,"column":48},"end":{"line":13,"column":58}},"line":13},"2":{"name":"(anonymous_2)","decl":{"start":{"line":36,"column":24},"end":{"line":36,"column":25}},"loc":{"start":{"line":36,"column":38},"end":{"line":36,"column":63}},"line":36},"3":{"name":"(anonymous_3)","decl":{"start":{"line":40,"column":19},"end":{"line":40,"column":20}},"loc":{"start":{"line":40,"column":25},"end":{"line":40,"column":76}},"line":40},"4":{"name":"(anonymous_4)","decl":{"start":{"line":62,"column":19},"end":{"line":62,"column":20}},"loc":{"start":{"line":62,"column":25},"end":{"line":62,"column":43}},"line":62},"5":{"name":"(anonymous_5)","decl":{"start":{"line":78,"column":24},"end":{"line":78,"column":25}},"loc":{"start":{"line":78,"column":38},"end":{"line":78,"column":63}},"line":78},"6":{"name":"(anonymous_6)","decl":{"start":{"line":82,"column":19},"end":{"line":82,"column":20}},"loc":{"start":{"line":82,"column":25},"end":{"line":82,"column":76}},"line":82},"7":{"name":"(anonymous_7)","decl":{"start":{"line":99,"column":19},"end":{"line":99,"column":20}},"loc":{"start":{"line":99,"column":25},"end":{"line":99,"column":75}},"line":99},"8":{"name":"(anonymous_8)","decl":{"start":{"line":109,"column":19},"end":{"line":109,"column":20}},"loc":{"start":{"line":109,"column":25},"end":{"line":109,"column":75}},"line":109},"9":{"name":"(anonymous_9)","decl":{"start":{"line":119,"column":19},"end":{"line":119,"column":20}},"loc":{"start":{"line":119,"column":25},"end":{"line":119,"column":74}},"line":119},"10":{"name":"(anonymous_10)","decl":{"start":{"line":129,"column":19},"end":{"line":129,"column":20}},"loc":{"start":{"line":129,"column":25},"end":{"line":129,"column":73}},"line":129},"11":{"name":"(anonymous_11)","decl":{"start":{"line":139,"column":19},"end":{"line":139,"column":20}},"loc":{"start":{"line":139,"column":25},"end":{"line":139,"column":74}},"line":139},"12":{"name":"(anonymous_12)","decl":{"start":{"line":149,"column":19},"end":{"line":149,"column":20}},"loc":{"start":{"line":149,"column":25},"end":{"line":149,"column":73}},"line":149}},"branchMap":{"0":{"loc":{"start":{"line":20,"column":6},"end":{"line":94,"column":5}},"type":"cond-expr","locations":[{"start":{"line":22,"column":6},"end":{"line":50,"column":9}},{"start":{"line":52,"column":6},"end":{"line":93,"column":9}}],"line":20}},"s":{"0":1,"1":14,"2":27,"3":14,"4":14,"5":14,"6":1,"7":1,"8":1,"9":1,"10":1,"11":1,"12":1,"13":1,"14":1,"15":1,"16":1,"17":1},"f":{"0":14,"1":27,"2":1,"3":1,"4":1,"5":1,"6":1,"7":1,"8":1,"9":1,"10":1,"11":1,"12":1},"b":{"0":[10,4]},"_coverageSchema":"1a1c01bbd47fc00a2c39e90264f33305004495a9","hash":"0ad0a24744775d745a24f1b2ba38b4d3ff0b4e55"}
,"D:\\skylab\\bootcamp\\Josep_Final-Project-202104\\proyecto final\\frontend\\src\\components\\Login\\Login.tsx": {"path":"D:\\skylab\\bootcamp\\Josep_Final-Project-202104\\proyecto final\\frontend\\src\\components\\Login\\Login.tsx","statementMap":{"0":{"start":{"line":11,"column":14},"end":{"line":110,"column":1}},"1":{"start":{"line":12,"column":15},"end":{"line":12,"column":59}},"2":{"start":{"line":12,"column":48},"end":{"line":12,"column":58}},"3":{"start":{"line":13,"column":19},"end":{"line":13,"column":32}},"4":{"start":{"line":14,"column":26},"end":{"line":14,"column":38}},"5":{"start":{"line":15,"column":32},"end":{"line":15,"column":44}},"6":{"start":{"line":17,"column":4},"end":{"line":17,"column":37}},"7":{"start":{"line":19,"column":2},"end":{"line":109,"column":4}},"8":{"start":{"line":39,"column":36},"end":{"line":39,"column":56}},"9":{"start":{"line":47,"column":39},"end":{"line":47,"column":65}},"10":{"start":{"line":50,"column":41},"end":{"line":50,"column":53}},"11":{"start":{"line":60,"column":67},"end":{"line":60,"column":96}},"12":{"start":{"line":73,"column":25},"end":{"line":73,"column":43}},"13":{"start":{"line":90,"column":25},"end":{"line":99,"column":11}},"14":{"start":{"line":95,"column":16},"end":{"line":96,"column":44}},"15":{"start":{"line":112,"column":15},"end":{"line":197,"column":2}}},"fnMap":{"0":{"name":"(anonymous_0)","decl":{"start":{"line":11,"column":14},"end":{"line":11,"column":15}},"loc":{"start":{"line":11,"column":39},"end":{"line":110,"column":1}},"line":11},"1":{"name":"(anonymous_1)","decl":{"start":{"line":12,"column":27},"end":{"line":12,"column":28}},"loc":{"start":{"line":12,"column":48},"end":{"line":12,"column":58}},"line":12},"2":{"name":"loginClick","decl":{"start":{"line":16,"column":11},"end":{"line":16,"column":21}},"loc":{"start":{"line":16,"column":24},"end":{"line":18,"column":3}},"line":16},"3":{"name":"(anonymous_3)","decl":{"start":{"line":39,"column":22},"end":{"line":39,"column":23}},"loc":{"start":{"line":39,"column":36},"end":{"line":39,"column":56}},"line":39},"4":{"name":"(anonymous_4)","decl":{"start":{"line":47,"column":22},"end":{"line":47,"column":23}},"loc":{"start":{"line":47,"column":39},"end":{"line":47,"column":65}},"line":47},"5":{"name":"(anonymous_5)","decl":{"start":{"line":50,"column":35},"end":{"line":50,"column":36}},"loc":{"start":{"line":50,"column":41},"end":{"line":50,"column":53}},"line":50},"6":{"name":"(anonymous_6)","decl":{"start":{"line":60,"column":61},"end":{"line":60,"column":62}},"loc":{"start":{"line":60,"column":67},"end":{"line":60,"column":96}},"line":60},"7":{"name":"(anonymous_7)","decl":{"start":{"line":73,"column":19},"end":{"line":73,"column":20}},"loc":{"start":{"line":73,"column":25},"end":{"line":73,"column":43}},"line":73},"8":{"name":"(anonymous_8)","decl":{"start":{"line":90,"column":19},"end":{"line":90,"column":20}},"loc":{"start":{"line":90,"column":25},"end":{"line":99,"column":11}},"line":90},"9":{"name":"(anonymous_9)","decl":{"start":{"line":94,"column":41},"end":{"line":94,"column":42}},"loc":{"start":{"line":95,"column":16},"end":{"line":96,"column":44}},"line":95}},"branchMap":{"0":{"loc":{"start":{"line":30,"column":5},"end":{"line":105,"column":5}},"type":"cond-expr","locations":[{"start":{"line":32,"column":6},"end":{"line":68,"column":7}},{"start":{"line":70,"column":6},"end":{"line":104,"column":9}}],"line":30}},"s":{"0":1,"1":10,"2":20,"3":10,"4":10,"5":10,"6":1,"7":10,"8":1,"9":1,"10":1,"11":1,"12":1,"13":1,"14":0,"15":1},"f":{"0":10,"1":20,"2":1,"3":1,"4":1,"5":1,"6":1,"7":1,"8":1,"9":0},"b":{"0":[7,3]},"_coverageSchema":"1a1c01bbd47fc00a2c39e90264f33305004495a9","hash":"e951fc5db45c0d0c14bbc09670190da5f7821186"}
,"D:\\skylab\\bootcamp\\Josep_Final-Project-202104\\proyecto final\\frontend\\src\\components\\SignIn\\SignIn.tsx": {"path":"D:\\skylab\\bootcamp\\Josep_Final-Project-202104\\proyecto final\\frontend\\src\\components\\SignIn\\SignIn.tsx","statementMap":{"0":{"start":{"line":20,"column":15},"end":{"line":161,"column":1}},"1":{"start":{"line":21,"column":17},"end":{"line":21,"column":61}},"2":{"start":{"line":21,"column":50},"end":{"line":21,"column":60}},"3":{"start":{"line":22,"column":21},"end":{"line":22,"column":34}},"4":{"start":{"line":23,"column":30},"end":{"line":23,"column":42}},"5":{"start":{"line":24,"column":28},"end":{"line":24,"column":40}},"6":{"start":{"line":25,"column":34},"end":{"line":25,"column":46}},"7":{"start":{"line":26,"column":28},"end":{"line":26,"column":40}},"8":{"start":{"line":27,"column":34},"end":{"line":27,"column":49}},"9":{"start":{"line":28,"column":40},"end":{"line":28,"column":55}},"10":{"start":{"line":29,"column":36},"end":{"line":29,"column":51}},"11":{"start":{"line":31,"column":6},"end":{"line":31,"column":55}},"12":{"start":{"line":33,"column":4},"end":{"line":160,"column":5}},"13":{"start":{"line":53,"column":27},"end":{"line":53,"column":136}},"14":{"start":{"line":64,"column":27},"end":{"line":64,"column":142}},"15":{"start":{"line":75,"column":27},"end":{"line":75,"column":139}},"16":{"start":{"line":86,"column":27},"end":{"line":86,"column":135}},"17":{"start":{"line":96,"column":28},"end":{"line":96,"column":69}},"18":{"start":{"line":96,"column":48},"end":{"line":96,"column":68}},"19":{"start":{"line":97,"column":36},"end":{"line":97,"column":56}},"20":{"start":{"line":108,"column":29},"end":{"line":108,"column":74}},"21":{"start":{"line":108,"column":47},"end":{"line":108,"column":73}},"22":{"start":{"line":109,"column":39},"end":{"line":109,"column":65}},"23":{"start":{"line":119,"column":28},"end":{"line":119,"column":63}},"24":{"start":{"line":119,"column":43},"end":{"line":119,"column":62}},"25":{"start":{"line":120,"column":36},"end":{"line":120,"column":56}},"26":{"start":{"line":131,"column":41},"end":{"line":131,"column":54}},"27":{"start":{"line":147,"column":67},"end":{"line":147,"column":95}},"28":{"start":{"line":162,"column":15},"end":{"line":232,"column":2}}},"fnMap":{"0":{"name":"(anonymous_0)","decl":{"start":{"line":20,"column":15},"end":{"line":20,"column":16}},"loc":{"start":{"line":20,"column":40},"end":{"line":161,"column":1}},"line":20},"1":{"name":"(anonymous_1)","decl":{"start":{"line":21,"column":29},"end":{"line":21,"column":30}},"loc":{"start":{"line":21,"column":50},"end":{"line":21,"column":60}},"line":21},"2":{"name":"signUpClick","decl":{"start":{"line":30,"column":13},"end":{"line":30,"column":24}},"loc":{"start":{"line":30,"column":27},"end":{"line":32,"column":5}},"line":30},"3":{"name":"(anonymous_3)","decl":{"start":{"line":53,"column":21},"end":{"line":53,"column":22}},"loc":{"start":{"line":53,"column":27},"end":{"line":53,"column":136}},"line":53},"4":{"name":"(anonymous_4)","decl":{"start":{"line":64,"column":21},"end":{"line":64,"column":22}},"loc":{"start":{"line":64,"column":27},"end":{"line":64,"column":142}},"line":64},"5":{"name":"(anonymous_5)","decl":{"start":{"line":75,"column":21},"end":{"line":75,"column":22}},"loc":{"start":{"line":75,"column":27},"end":{"line":75,"column":139}},"line":75},"6":{"name":"(anonymous_6)","decl":{"start":{"line":86,"column":21},"end":{"line":86,"column":22}},"loc":{"start":{"line":86,"column":27},"end":{"line":86,"column":135}},"line":86},"7":{"name":"(anonymous_7)","decl":{"start":{"line":96,"column":22},"end":{"line":96,"column":23}},"loc":{"start":{"line":96,"column":28},"end":{"line":96,"column":69}},"line":96},"8":{"name":"(anonymous_8)","decl":{"start":{"line":96,"column":42},"end":{"line":96,"column":43}},"loc":{"start":{"line":96,"column":48},"end":{"line":96,"column":68}},"line":96},"9":{"name":"(anonymous_9)","decl":{"start":{"line":97,"column":22},"end":{"line":97,"column":23}},"loc":{"start":{"line":97,"column":36},"end":{"line":97,"column":56}},"line":97},"10":{"name":"(anonymous_10)","decl":{"start":{"line":108,"column":23},"end":{"line":108,"column":24}},"loc":{"start":{"line":108,"column":29},"end":{"line":108,"column":74}},"line":108},"11":{"name":"(anonymous_11)","decl":{"start":{"line":108,"column":41},"end":{"line":108,"column":42}},"loc":{"start":{"line":108,"column":47},"end":{"line":108,"column":73}},"line":108},"12":{"name":"(anonymous_12)","decl":{"start":{"line":109,"column":22},"end":{"line":109,"column":23}},"loc":{"start":{"line":109,"column":39},"end":{"line":109,"column":65}},"line":109},"13":{"name":"(anonymous_13)","decl":{"start":{"line":119,"column":22},"end":{"line":119,"column":23}},"loc":{"start":{"line":119,"column":28},"end":{"line":119,"column":63}},"line":119},"14":{"name":"(anonymous_14)","decl":{"start":{"line":119,"column":37},"end":{"line":119,"column":38}},"loc":{"start":{"line":119,"column":43},"end":{"line":119,"column":62}},"line":119},"15":{"name":"(anonymous_15)","decl":{"start":{"line":120,"column":22},"end":{"line":120,"column":23}},"loc":{"start":{"line":120,"column":36},"end":{"line":120,"column":56}},"line":120},"16":{"name":"(anonymous_16)","decl":{"start":{"line":131,"column":35},"end":{"line":131,"column":36}},"loc":{"start":{"line":131,"column":41},"end":{"line":131,"column":54}},"line":131},"17":{"name":"(anonymous_17)","decl":{"start":{"line":147,"column":61},"end":{"line":147,"column":62}},"loc":{"start":{"line":147,"column":67},"end":{"line":147,"column":95}},"line":147}},"branchMap":{"0":{"loc":{"start":{"line":100,"column":9},"end":{"line":102,"column":16}},"type":"binary-expr","locations":[{"start":{"line":100,"column":9},"end":{"line":100,"column":19}},{"start":{"line":100,"column":23},"end":{"line":102,"column":16}}],"line":100},"1":{"loc":{"start":{"line":112,"column":7},"end":{"line":114,"column":16}},"type":"binary-expr","locations":[{"start":{"line":112,"column":7},"end":{"line":112,"column":15}},{"start":{"line":112,"column":19},"end":{"line":114,"column":16}}],"line":112},"2":{"loc":{"start":{"line":123,"column":7},"end":{"line":125,"column":16}},"type":"binary-expr","locations":[{"start":{"line":123,"column":7},"end":{"line":123,"column":16}},{"start":{"line":123,"column":20},"end":{"line":125,"column":16}}],"line":123},"3":{"loc":{"start":{"line":128,"column":5},"end":{"line":156,"column":5}},"type":"cond-expr","locations":[{"start":{"line":130,"column":6},"end":{"line":138,"column":9}},{"start":{"line":140,"column":8},"end":{"line":155,"column":7}}],"line":128},"4":{"loc":{"start":{"line":140,"column":8},"end":{"line":155,"column":7}},"type":"cond-expr","locations":[{"start":{"line":141,"column":10},"end":{"line":143,"column":13}},{"start":{"line":145,"column":6},"end":{"line":154,"column":9}}],"line":140},"5":{"loc":{"start":{"line":140,"column":9},"end":{"line":140,"column":44}},"type":"binary-expr","locations":[{"start":{"line":140,"column":9},"end":{"line":140,"column":18}},{"start":{"line":140,"column":22},"end":{"line":140,"column":32}},{"start":{"line":140,"column":36},"end":{"line":140,"column":44}}],"line":140}},"s":{"0":1,"1":24,"2":39,"3":24,"4":24,"5":24,"6":24,"7":24,"8":24,"9":24,"10":24,"11":1,"12":24,"13":1,"14":1,"15":1,"16":1,"17":1,"18":1,"19":1,"20":1,"21":1,"22":1,"23":1,"24":1,"25":1,"26":1,"27":1,"28":1},"f":{"0":24,"1":39,"2":1,"3":1,"4":1,"5":1,"6":1,"7":1,"8":1,"9":1,"10":1,"11":1,"12":1,"13":1,"14":1,"15":1,"16":1,"17":1},"b":{"0":[24,0],"1":[24,0],"2":[24,0],"3":[22,2],"4":[0,2],"5":[2,2,2]},"_coverageSchema":"1a1c01bbd47fc00a2c39e90264f33305004495a9","hash":"2407e3db5d11938d70e0ad8349726e2306359d78"}
,"D:\\skylab\\bootcamp\\Josep_Final-Project-202104\\proyecto final\\frontend\\src\\components\\Sugestions\\Sugestions.tsx": {"path":"D:\\skylab\\bootcamp\\Josep_Final-Project-202104\\proyecto final\\frontend\\src\\components\\Sugestions\\Sugestions.tsx","statementMap":{"0":{"start":{"line":4,"column":26},"end":{"line":46,"column":1}},"1":{"start":{"line":5,"column":4},"end":{"line":45,"column":5}},"2":{"start":{"line":47,"column":15},"end":{"line":76,"column":4}}},"fnMap":{"0":{"name":"(anonymous_0)","decl":{"start":{"line":4,"column":26},"end":{"line":4,"column":27}},"loc":{"start":{"line":4,"column":32},"end":{"line":46,"column":1}},"line":4}},"branchMap":{},"s":{"0":2,"1":5,"2":2},"f":{"0":5},"b":{},"_coverageSchema":"1a1c01bbd47fc00a2c39e90264f33305004495a9","hash":"201c8bfb3f25438acbd00d18c82ac2d12b36ca1d"}
,"D:\\skylab\\bootcamp\\Josep_Final-Project-202104\\proyecto final\\frontend\\src\\redux\\actions\\actionCreators.ts": {"path":"D:\\skylab\\bootcamp\\Josep_Final-Project-202104\\proyecto final\\frontend\\src\\redux\\actions\\actionCreators.ts","statementMap":{"0":{"start":{"line":11,"column":2},"end":{"line":23,"column":3}},"1":{"start":{"line":12,"column":6},"end":{"line":22,"column":5}},"2":{"start":{"line":13,"column":21},"end":{"line":13,"column":47}},"3":{"start":{"line":14,"column":6},"end":{"line":17,"column":9}},"4":{"start":{"line":19,"column":6},"end":{"line":21,"column":9}},"5":{"start":{"line":29,"column":2},"end":{"line":41,"column":3}},"6":{"start":{"line":30,"column":6},"end":{"line":40,"column":5}},"7":{"start":{"line":31,"column":23},"end":{"line":31,"column":69}},"8":{"start":{"line":32,"column":8},"end":{"line":35,"column":11}},"9":{"start":{"line":37,"column":6},"end":{"line":39,"column":9}},"10":{"start":{"line":45,"column":2},"end":{"line":57,"column":3}},"11":{"start":{"line":46,"column":6},"end":{"line":56,"column":5}},"12":{"start":{"line":47,"column":23},"end":{"line":47,"column":51}},"13":{"start":{"line":48,"column":8},"end":{"line":51,"column":11}},"14":{"start":{"line":53,"column":6},"end":{"line":55,"column":9}},"15":{"start":{"line":62,"column":2},"end":{"line":74,"column":3}},"16":{"start":{"line":63,"column":6},"end":{"line":73,"column":5}},"17":{"start":{"line":64,"column":23},"end":{"line":64,"column":85}},"18":{"start":{"line":65,"column":8},"end":{"line":68,"column":11}},"19":{"start":{"line":70,"column":6},"end":{"line":72,"column":9}},"20":{"start":{"line":78,"column":2},"end":{"line":81,"column":4}},"21":{"start":{"line":85,"column":2},"end":{"line":87,"column":4}},"22":{"start":{"line":91,"column":2},"end":{"line":94,"column":4}},"23":{"start":{"line":98,"column":2},"end":{"line":111,"column":1}},"24":{"start":{"line":99,"column":4},"end":{"line":110,"column":3}},"25":{"start":{"line":100,"column":6},"end":{"line":105,"column":7}},"26":{"start":{"line":100,"column":18},"end":{"line":100,"column":19}},"27":{"start":{"line":101,"column":8},"end":{"line":101,"column":65}},"28":{"start":{"line":102,"column":8},"end":{"line":104,"column":11}},"29":{"start":{"line":107,"column":4},"end":{"line":109,"column":7}},"30":{"start":{"line":115,"column":2},"end":{"line":115,"column":23}},"31":{"start":{"line":116,"column":17},"end":{"line":120,"column":3}},"32":{"start":{"line":121,"column":4},"end":{"line":132,"column":3}},"33":{"start":{"line":122,"column":6},"end":{"line":131,"column":5}},"34":{"start":{"line":123,"column":10},"end":{"line":123,"column":88}},"35":{"start":{"line":124,"column":10},"end":{"line":126,"column":13}},"36":{"start":{"line":128,"column":6},"end":{"line":130,"column":9}},"37":{"start":{"line":136,"column":4},"end":{"line":151,"column":3}},"38":{"start":{"line":137,"column":6},"end":{"line":150,"column":5}},"39":{"start":{"line":138,"column":10},"end":{"line":142,"column":13}},"40":{"start":{"line":143,"column":10},"end":{"line":145,"column":13}},"41":{"start":{"line":147,"column":6},"end":{"line":149,"column":9}}},"fnMap":{"0":{"name":"GetMotos","decl":{"start":{"line":10,"column":16},"end":{"line":10,"column":24}},"loc":{"start":{"line":10,"column":27},"end":{"line":24,"column":1}},"line":10},"1":{"name":"(anonymous_1)","decl":{"start":{"line":11,"column":9},"end":{"line":11,"column":10}},"loc":{"start":{"line":11,"column":39},"end":{"line":23,"column":3}},"line":11},"2":{"name":"login","decl":{"start":{"line":28,"column":16},"end":{"line":28,"column":21}},"loc":{"start":{"line":28,"column":55},"end":{"line":42,"column":1}},"line":28},"3":{"name":"(anonymous_3)","decl":{"start":{"line":29,"column":9},"end":{"line":29,"column":10}},"loc":{"start":{"line":29,"column":39},"end":{"line":41,"column":3}},"line":29},"4":{"name":"logout","decl":{"start":{"line":44,"column":16},"end":{"line":44,"column":22}},"loc":{"start":{"line":44,"column":25},"end":{"line":58,"column":1}},"line":44},"5":{"name":"(anonymous_5)","decl":{"start":{"line":45,"column":9},"end":{"line":45,"column":10}},"loc":{"start":{"line":45,"column":39},"end":{"line":57,"column":3}},"line":45},"6":{"name":"signUp","decl":{"start":{"line":61,"column":16},"end":{"line":61,"column":22}},"loc":{"start":{"line":61,"column":87},"end":{"line":75,"column":1}},"line":61},"7":{"name":"(anonymous_7)","decl":{"start":{"line":62,"column":9},"end":{"line":62,"column":10}},"loc":{"start":{"line":62,"column":39},"end":{"line":74,"column":3}},"line":62},"8":{"name":"addToCart","decl":{"start":{"line":77,"column":16},"end":{"line":77,"column":25}},"loc":{"start":{"line":77,"column":51},"end":{"line":82,"column":1}},"line":77},"9":{"name":"loadCart","decl":{"start":{"line":84,"column":16},"end":{"line":84,"column":24}},"loc":{"start":{"line":84,"column":40},"end":{"line":88,"column":1}},"line":84},"10":{"name":"deleteFromCart","decl":{"start":{"line":90,"column":16},"end":{"line":90,"column":30}},"loc":{"start":{"line":90,"column":56},"end":{"line":95,"column":1}},"line":90},"11":{"name":"reloadCart","decl":{"start":{"line":97,"column":16},"end":{"line":97,"column":26}},"loc":{"start":{"line":97,"column":45},"end":{"line":112,"column":1}},"line":97},"12":{"name":"(anonymous_12)","decl":{"start":{"line":98,"column":9},"end":{"line":98,"column":10}},"loc":{"start":{"line":98,"column":39},"end":{"line":111,"column":1}},"line":98},"13":{"name":"saveOrder","decl":{"start":{"line":114,"column":16},"end":{"line":114,"column":25}},"loc":{"start":{"line":114,"column":65},"end":{"line":133,"column":1}},"line":114},"14":{"name":"(anonymous_14)","decl":{"start":{"line":121,"column":11},"end":{"line":121,"column":12}},"loc":{"start":{"line":121,"column":41},"end":{"line":132,"column":3}},"line":121},"15":{"name":"deleteAccount","decl":{"start":{"line":135,"column":16},"end":{"line":135,"column":29}},"loc":{"start":{"line":135,"column":56},"end":{"line":152,"column":1}},"line":135},"16":{"name":"(anonymous_16)","decl":{"start":{"line":136,"column":11},"end":{"line":136,"column":12}},"loc":{"start":{"line":136,"column":41},"end":{"line":151,"column":3}},"line":136}},"branchMap":{},"s":{"0":2,"1":2,"2":2,"3":1,"4":1,"5":2,"6":2,"7":2,"8":1,"9":1,"10":2,"11":2,"12":2,"13":1,"14":1,"15":2,"16":2,"17":2,"18":1,"19":1,"20":1,"21":1,"22":1,"23":2,"24":2,"25":2,"26":2,"27":1,"28":1,"29":1,"30":2,"31":2,"32":2,"33":2,"34":2,"35":1,"36":1,"37":2,"38":2,"39":2,"40":1,"41":1},"f":{"0":2,"1":2,"2":2,"3":2,"4":2,"5":2,"6":2,"7":2,"8":1,"9":1,"10":1,"11":2,"12":2,"13":2,"14":2,"15":2,"16":2},"b":{},"_coverageSchema":"1a1c01bbd47fc00a2c39e90264f33305004495a9","hash":"c1f8e070c53cb6c351b39496a2c5301de9972612"}
,"D:\\skylab\\bootcamp\\Josep_Final-Project-202104\\proyecto final\\frontend\\src\\redux\\actions\\actionTypes.ts": {"path":"D:\\skylab\\bootcamp\\Josep_Final-Project-202104\\proyecto final\\frontend\\src\\redux\\actions\\actionTypes.ts","statementMap":{"0":{"start":{"line":1,"column":20},"end":{"line":13,"column":1}}},"fnMap":{},"branchMap":{},"s":{"0":11},"f":{},"b":{},"_coverageSchema":"1a1c01bbd47fc00a2c39e90264f33305004495a9","hash":"72ff47acab1947798491c84b7b200d58a11dfdb9"}
,"D:\\skylab\\bootcamp\\Josep_Final-Project-202104\\proyecto final\\frontend\\src\\redux\\reducers\\cartReducer.ts": {"path":"D:\\skylab\\bootcamp\\Josep_Final-Project-202104\\proyecto final\\frontend\\src\\redux\\reducers\\cartReducer.ts","statementMap":{"0":{"start":{"line":6,"column":2},"end":{"line":46,"column":3}},"1":{"start":{"line":8,"column":22},"end":{"line":9,"column":54}},"2":{"start":{"line":9,"column":25},"end":{"line":9,"column":53}},"3":{"start":{"line":11,"column":2},"end":{"line":17,"column":3}},"4":{"start":{"line":12,"column":4},"end":{"line":15,"column":6}},"5":{"start":{"line":16,"column":4},"end":{"line":16,"column":21}},"6":{"start":{"line":18,"column":2},"end":{"line":24,"column":4}},"7":{"start":{"line":26,"column":30},"end":{"line":27,"column":56}},"8":{"start":{"line":27,"column":27},"end":{"line":27,"column":55}},"9":{"start":{"line":29,"column":4},"end":{"line":35,"column":5}},"10":{"start":{"line":30,"column":6},"end":{"line":33,"column":8}},"11":{"start":{"line":34,"column":6},"end":{"line":34,"column":23}},"12":{"start":{"line":36,"column":4},"end":{"line":36,"column":46}},"13":{"start":{"line":37,"column":4},"end":{"line":37,"column":21}},"14":{"start":{"line":40,"column":6},"end":{"line":40,"column":16}},"15":{"start":{"line":43,"column":6},"end":{"line":43,"column":16}},"16":{"start":{"line":45,"column":6},"end":{"line":45,"column":18}}},"fnMap":{"0":{"name":"cartReducer","decl":{"start":{"line":5,"column":9},"end":{"line":5,"column":20}},"loc":{"start":{"line":5,"column":67},"end":{"line":47,"column":1}},"line":5},"1":{"name":"(anonymous_1)","decl":{"start":{"line":9,"column":15},"end":{"line":9,"column":16}},"loc":{"start":{"line":9,"column":25},"end":{"line":9,"column":53}},"line":9},"2":{"name":"(anonymous_2)","decl":{"start":{"line":27,"column":17},"end":{"line":27,"column":18}},"loc":{"start":{"line":27,"column":27},"end":{"line":27,"column":55}},"line":27}},"branchMap":{"0":{"loc":{"start":{"line":5,"column":21},"end":{"line":5,"column":44}},"type":"default-arg","locations":[{"start":{"line":5,"column":42},"end":{"line":5,"column":44}}],"line":5},"1":{"loc":{"start":{"line":6,"column":2},"end":{"line":46,"column":3}},"type":"switch","locations":[{"start":{"line":7,"column":2},"end":{"line":24,"column":4}},{"start":{"line":25,"column":4},"end":{"line":37,"column":21}},{"start":{"line":39,"column":4},"end":{"line":40,"column":16}},{"start":{"line":42,"column":4},"end":{"line":43,"column":16}},{"start":{"line":44,"column":4},"end":{"line":45,"column":18}}],"line":6},"2":{"loc":{"start":{"line":11,"column":2},"end":{"line":17,"column":3}},"type":"if","locations":[{"start":{"line":11,"column":2},"end":{"line":17,"column":3}},{"start":{"line":11,"column":2},"end":{"line":17,"column":3}}],"line":11},"3":{"loc":{"start":{"line":14,"column":16},"end":{"line":14,"column":49}},"type":"binary-expr","locations":[{"start":{"line":14,"column":16},"end":{"line":14,"column":44}},{"start":{"line":14,"column":48},"end":{"line":14,"column":49}}],"line":14},"4":{"loc":{"start":{"line":29,"column":4},"end":{"line":35,"column":5}},"type":"if","locations":[{"start":{"line":29,"column":4},"end":{"line":35,"column":5}},{"start":{"line":29,"column":4},"end":{"line":35,"column":5}}],"line":29}},"s":{"0":8,"1":2,"2":1,"3":2,"4":1,"5":1,"6":1,"7":2,"8":2,"9":2,"10":1,"11":1,"12":1,"13":1,"14":2,"15":1,"16":1},"f":{"0":8,"1":1,"2":2},"b":{"0":[1],"1":[2,2,2,1,1],"2":[1,1],"3":[1,0],"4":[1,1]},"_coverageSchema":"1a1c01bbd47fc00a2c39e90264f33305004495a9","hash":"dc1d2b8e5f372f2ed0a21aed30617f8fd094af40"}
,"D:\\skylab\\bootcamp\\Josep_Final-Project-202104\\proyecto final\\frontend\\src\\redux\\reducers\\motosReducer.ts": {"path":"D:\\skylab\\bootcamp\\Josep_Final-Project-202104\\proyecto final\\frontend\\src\\redux\\reducers\\motosReducer.ts","statementMap":{"0":{"start":{"line":5,"column":2},"end":{"line":9,"column":3}},"1":{"start":{"line":6,"column":4},"end":{"line":6,"column":23}},"2":{"start":{"line":8,"column":4},"end":{"line":8,"column":17}}},"fnMap":{"0":{"name":"motosReducer","decl":{"start":{"line":4,"column":9},"end":{"line":4,"column":21}},"loc":{"start":{"line":4,"column":68},"end":{"line":10,"column":1}},"line":4}},"branchMap":{"0":{"loc":{"start":{"line":4,"column":22},"end":{"line":4,"column":45}},"type":"default-arg","locations":[{"start":{"line":4,"column":43},"end":{"line":4,"column":45}}],"line":4},"1":{"loc":{"start":{"line":5,"column":2},"end":{"line":9,"column":3}},"type":"if","locations":[{"start":{"line":5,"column":2},"end":{"line":9,"column":3}},{"start":{"line":5,"column":2},"end":{"line":9,"column":3}}],"line":5}},"s":{"0":3,"1":2,"2":1},"f":{"0":3},"b":{"0":[1],"1":[2,1]},"_coverageSchema":"1a1c01bbd47fc00a2c39e90264f33305004495a9","hash":"51aec5b39e962ef4bd2197fd831d0162e7948390"}
,"D:\\skylab\\bootcamp\\Josep_Final-Project-202104\\proyecto final\\frontend\\src\\redux\\reducers\\usersReducer.ts": {"path":"D:\\skylab\\bootcamp\\Josep_Final-Project-202104\\proyecto final\\frontend\\src\\redux\\reducers\\usersReducer.ts","statementMap":{"0":{"start":{"line":5,"column":2},"end":{"line":16,"column":3}},"1":{"start":{"line":7,"column":6},"end":{"line":7,"column":25}},"2":{"start":{"line":9,"column":6},"end":{"line":9,"column":25}},"3":{"start":{"line":11,"column":6},"end":{"line":11,"column":25}},"4":{"start":{"line":13,"column":6},"end":{"line":13,"column":16}},"5":{"start":{"line":15,"column":6},"end":{"line":15,"column":18}}},"fnMap":{"0":{"name":"usersReducer","decl":{"start":{"line":4,"column":9},"end":{"line":4,"column":21}},"loc":{"start":{"line":4,"column":67},"end":{"line":17,"column":1}},"line":4}},"branchMap":{"0":{"loc":{"start":{"line":4,"column":22},"end":{"line":4,"column":44}},"type":"default-arg","locations":[{"start":{"line":4,"column":42},"end":{"line":4,"column":44}}],"line":4},"1":{"loc":{"start":{"line":5,"column":2},"end":{"line":16,"column":3}},"type":"switch","locations":[{"start":{"line":6,"column":4},"end":{"line":7,"column":25}},{"start":{"line":8,"column":6},"end":{"line":9,"column":25}},{"start":{"line":10,"column":6},"end":{"line":11,"column":25}},{"start":{"line":12,"column":6},"end":{"line":13,"column":16}},{"start":{"line":14,"column":4},"end":{"line":15,"column":18}}],"line":5}},"s":{"0":6,"1":1,"2":1,"3":1,"4":2,"5":1},"f":{"0":6},"b":{"0":[1],"1":[1,1,1,2,1]},"_coverageSchema":"1a1c01bbd47fc00a2c39e90264f33305004495a9","hash":"490ce907ce5ad831ac89ae0724d5fc737a980bf1"}
,"D:\\skylab\\bootcamp\\Josep_Final-Project-202104\\proyecto final\\frontend\\src\\utils\\validation.ts": {"path":"D:\\skylab\\bootcamp\\Josep_Final-Project-202104\\proyecto final\\frontend\\src\\utils\\validation.ts","statementMap":{"0":{"start":{"line":1,"column":28},"end":{"line":3,"column":3}},"1":{"start":{"line":2,"column":4},"end":{"line":2,"column":29}},"2":{"start":{"line":5,"column":31},"end":{"line":7,"column":3}},"3":{"start":{"line":6,"column":4},"end":{"line":6,"column":97}},"4":{"start":{"line":9,"column":34},"end":{"line":11,"column":3}},"5":{"start":{"line":10,"column":4},"end":{"line":10,"column":33}},"6":{"start":{"line":12,"column":34},"end":{"line":14,"column":3}},"7":{"start":{"line":13,"column":4},"end":{"line":13,"column":29}}},"fnMap":{"0":{"name":"(anonymous_0)","decl":{"start":{"line":1,"column":28},"end":{"line":1,"column":29}},"loc":{"start":{"line":1,"column":46},"end":{"line":3,"column":3}},"line":1},"1":{"name":"(anonymous_1)","decl":{"start":{"line":5,"column":31},"end":{"line":5,"column":32}},"loc":{"start":{"line":5,"column":50},"end":{"line":7,"column":3}},"line":5},"2":{"name":"(anonymous_2)","decl":{"start":{"line":9,"column":34},"end":{"line":9,"column":35}},"loc":{"start":{"line":9,"column":56},"end":{"line":11,"column":3}},"line":9},"3":{"name":"(anonymous_3)","decl":{"start":{"line":12,"column":34},"end":{"line":12,"column":35}},"loc":{"start":{"line":12,"column":52},"end":{"line":14,"column":3}},"line":12}},"branchMap":{},"s":{"0":2,"1":1,"2":2,"3":1,"4":2,"5":1,"6":2,"7":1},"f":{"0":1,"1":1,"2":1,"3":1},"b":{},"_coverageSchema":"1a1c01bbd47fc00a2c39e90264f33305004495a9","hash":"c24b921a8dc0df05831718b5381d2c593f3f7e1e"}
}
