TN:
SF:src\components\Cart\Cart.tsx
FN:11,(anonymous_0)
FN:12,(anonymous_1)
FN:13,(anonymous_2)
FN:30,(anonymous_3)
FN:48,(anonymous_4)
FN:70,(anonymous_5)
FNF:6
FNH:6
FNDA:4,(anonymous_0)
FNDA:9,(anonymous_1)
FNDA:9,(anonymous_2)
FNDA:4,(anonymous_3)
FNDA:1,(anonymous_4)
FNDA:1,(anonymous_5)
DA:11,1
DA:12,9
DA:13,9
DA:14,4
DA:15,4
DA:16,4
DA:31,4
DA:49,1
DA:71,1
DA:90,1
LF:10
LH:10
BRDA:68,0,0,2
BRDA:68,0,1,2
BRF:2
BRH:2
end_of_record
TN:
SF:src\components\Detail\Detail.tsx
FN:15,(anonymous_0)
FN:16,(anonymous_1)
FN:19,(anonymous_2)
FN:47,(anonymous_3)
FNF:4
FNH:4
FNDA:3,(anonymous_0)
FNDA:7,(anonymous_1)
FNDA:3,(anonymous_2)
FNDA:1,(anonymous_3)
DA:15,1
DA:16,7
DA:17,3
DA:18,3
DA:19,3
DA:20,3
DA:48,1
DA:74,1
LF:8
LH:8
BRDA:37,0,0,2
BRDA:37,0,1,1
BRDA:44,1,0,3
BRDA:44,1,1,0
BRF:4
BRH:3
end_of_record
TN:
SF:src\components\List\MotosList.tsx
FN:23,MotosList
FN:24,(anonymous_1)
FN:26,(anonymous_2)
FN:30,(anonymous_3)
FN:41,(anonymous_4)
FN:44,(anonymous_5)
FNF:6
FNH:6
FNDA:6,MotosList
FNDA:18,(anonymous_1)
FNDA:6,(anonymous_2)
FNDA:6,(anonymous_3)
FNDA:4,(anonymous_4)
FNDA:2,(anonymous_5)
DA:24,18
DA:25,6
DA:26,6
DA:27,6
DA:29,6
DA:30,6
DA:31,6
DA:42,4
DA:45,2
DA:75,1
LF:10
LH:10
BRDA:30,0,0,6
BRDA:30,0,1,4
BRDA:30,0,2,4
BRDA:30,0,3,2
BRDA:61,1,0,4
BRDA:61,1,1,0
BRF:6
BRH:5
end_of_record
TN:
SF:src\components\Lobby\Lobby.tsx
FN:12,(anonymous_0)
FN:13,(anonymous_1)
FN:36,(anonymous_2)
FN:40,(anonymous_3)
FN:62,(anonymous_4)
FN:78,(anonymous_5)
FN:82,(anonymous_6)
FN:99,(anonymous_7)
FN:109,(anonymous_8)
FN:119,(anonymous_9)
FN:129,(anonymous_10)
FN:139,(anonymous_11)
FN:149,(anonymous_12)
FNF:13
FNH:13
FNDA:14,(anonymous_0)
FNDA:27,(anonymous_1)
FNDA:1,(anonymous_2)
FNDA:1,(anonymous_3)
FNDA:1,(anonymous_4)
FNDA:1,(anonymous_5)
FNDA:1,(anonymous_6)
FNDA:1,(anonymous_7)
FNDA:1,(anonymous_8)
FNDA:1,(anonymous_9)
FNDA:1,(anonymous_10)
FNDA:1,(anonymous_11)
FNDA:1,(anonymous_12)
DA:12,1
DA:13,27
DA:14,14
DA:15,14
DA:16,14
DA:36,1
DA:40,1
DA:62,1
DA:78,1
DA:82,1
DA:99,1
DA:109,1
DA:119,1
DA:129,1
DA:139,1
DA:149,1
DA:165,1
LF:17
LH:17
BRDA:20,0,0,10
BRDA:20,0,1,4
BRF:2
BRH:2
end_of_record
TN:
SF:src\components\Login\Login.tsx
FN:11,(anonymous_0)
FN:12,(anonymous_1)
FN:16,loginClick
FN:39,(anonymous_3)
FN:47,(anonymous_4)
FN:50,(anonymous_5)
FN:60,(anonymous_6)
FN:73,(anonymous_7)
FN:90,(anonymous_8)
FN:94,(anonymous_9)
FNF:10
FNH:9
FNDA:10,(anonymous_0)
FNDA:20,(anonymous_1)
FNDA:1,loginClick
FNDA:1,(anonymous_3)
FNDA:1,(anonymous_4)
FNDA:1,(anonymous_5)
FNDA:1,(anonymous_6)
FNDA:1,(anonymous_7)
FNDA:1,(anonymous_8)
FNDA:0,(anonymous_9)
DA:11,1
DA:12,20
DA:13,10
DA:14,10
DA:15,10
DA:17,1
DA:19,10
DA:39,1
DA:47,1
DA:50,1
DA:60,1
DA:73,1
DA:90,1
DA:95,0
DA:112,1
LF:15
LH:14
BRDA:30,0,0,7
BRDA:30,0,1,3
BRF:2
BRH:2
end_of_record
TN:
SF:src\components\SignIn\SignIn.tsx
FN:20,(anonymous_0)
FN:21,(anonymous_1)
FN:30,signUpClick
FN:53,(anonymous_3)
FN:64,(anonymous_4)
FN:75,(anonymous_5)
FN:86,(anonymous_6)
FN:96,(anonymous_7)
FN:96,(anonymous_8)
FN:97,(anonymous_9)
FN:108,(anonymous_10)
FN:108,(anonymous_11)
FN:109,(anonymous_12)
FN:119,(anonymous_13)
FN:119,(anonymous_14)
FN:120,(anonymous_15)
FN:131,(anonymous_16)
FN:147,(anonymous_17)
FNF:18
FNH:18
FNDA:24,(anonymous_0)
FNDA:39,(anonymous_1)
FNDA:1,signUpClick
FNDA:1,(anonymous_3)
FNDA:1,(anonymous_4)
FNDA:1,(anonymous_5)
FNDA:1,(anonymous_6)
FNDA:1,(anonymous_7)
FNDA:1,(anonymous_8)
FNDA:1,(anonymous_9)
FNDA:1,(anonymous_10)
FNDA:1,(anonymous_11)
FNDA:1,(anonymous_12)
FNDA:1,(anonymous_13)
FNDA:1,(anonymous_14)
FNDA:1,(anonymous_15)
FNDA:1,(anonymous_16)
FNDA:1,(anonymous_17)
DA:20,1
DA:21,39
DA:22,24
DA:23,24
DA:24,24
DA:25,24
DA:26,24
DA:27,24
DA:28,24
DA:29,24
DA:31,1
DA:33,24
DA:53,1
DA:64,1
DA:75,1
DA:86,1
DA:96,1
DA:97,1
DA:108,1
DA:109,1
DA:119,1
DA:120,1
DA:131,1
DA:147,1
DA:162,1
LF:25
LH:25
BRDA:100,0,0,24
BRDA:100,0,1,0
BRDA:112,1,0,24
BRDA:112,1,1,0
BRDA:123,2,0,24
BRDA:123,2,1,0
BRDA:128,3,0,22
BRDA:128,3,1,2
BRDA:140,4,0,0
BRDA:140,4,1,2
BRDA:140,5,0,2
BRDA:140,5,1,2
BRDA:140,5,2,2
BRF:13
BRH:9
end_of_record
TN:
SF:src\components\Sugestions\Sugestions.tsx
FN:4,(anonymous_0)
FNF:1
FNH:1
FNDA:5,(anonymous_0)
DA:4,2
DA:5,5
DA:47,2
LF:3
LH:3
BRF:0
BRH:0
end_of_record
TN:
SF:src\redux\actions\actionCreators.ts
FN:10,GetMotos
FN:11,(anonymous_1)
FN:28,login
FN:29,(anonymous_3)
FN:44,logout
FN:45,(anonymous_5)
FN:61,signUp
FN:62,(anonymous_7)
FN:77,addToCart
FN:84,loadCart
FN:90,deleteFromCart
FN:97,reloadCart
FN:98,(anonymous_12)
FN:114,saveOrder
FN:121,(anonymous_14)
FN:135,deleteAccount
FN:136,(anonymous_16)
FNF:17
FNH:17
FNDA:2,GetMotos
FNDA:2,(anonymous_1)
FNDA:2,login
FNDA:2,(anonymous_3)
FNDA:2,logout
FNDA:2,(anonymous_5)
FNDA:2,signUp
FNDA:2,(anonymous_7)
FNDA:1,addToCart
FNDA:1,loadCart
FNDA:1,deleteFromCart
FNDA:2,reloadCart
FNDA:2,(anonymous_12)
FNDA:2,saveOrder
FNDA:2,(anonymous_14)
FNDA:2,deleteAccount
FNDA:2,(anonymous_16)
DA:11,2
DA:12,2
DA:13,2
DA:14,1
DA:19,1
DA:29,2
DA:30,2
DA:31,2
DA:32,1
DA:37,1
DA:45,2
DA:46,2
DA:47,2
DA:48,1
DA:53,1
DA:62,2
DA:63,2
DA:64,2
DA:65,1
DA:70,1
DA:78,1
DA:85,1
DA:91,1
DA:98,2
DA:99,2
DA:100,2
DA:101,1
DA:102,1
DA:107,1
DA:115,2
DA:116,2
DA:121,2
DA:122,2
DA:123,2
DA:124,1
DA:128,1
DA:136,2
DA:137,2
DA:138,2
DA:143,1
DA:147,1
LF:41
LH:41
BRF:0
BRH:0
end_of_record
TN:
SF:src\redux\actions\actionTypes.ts
FNF:0
FNH:0
DA:1,11
LF:1
LH:1
BRF:0
BRH:0
end_of_record
TN:
SF:src\redux\reducers\cartReducer.ts
FN:5,cartReducer
FN:9,(anonymous_1)
FN:27,(anonymous_2)
FNF:3
FNH:3
FNDA:8,cartReducer
FNDA:1,(anonymous_1)
FNDA:2,(anonymous_2)
DA:6,8
DA:8,2
DA:9,1
DA:11,2
DA:12,1
DA:16,1
DA:18,1
DA:26,2
DA:27,2
DA:29,2
DA:30,1
DA:34,1
DA:36,1
DA:37,1
DA:40,2
DA:43,1
DA:45,1
LF:17
LH:17
BRDA:5,0,0,1
BRDA:6,1,0,2
BRDA:6,1,1,2
BRDA:6,1,2,2
BRDA:6,1,3,1
BRDA:6,1,4,1
BRDA:11,2,0,1
BRDA:11,2,1,1
BRDA:14,3,0,1
BRDA:14,3,1,0
BRDA:29,4,0,1
BRDA:29,4,1,1
BRF:12
BRH:11
end_of_record
TN:
SF:src\redux\reducers\motosReducer.ts
FN:4,motosReducer
FNF:1
FNH:1
FNDA:3,motosReducer
DA:5,3
DA:6,2
DA:8,1
LF:3
LH:3
BRDA:4,0,0,1
BRDA:5,1,0,2
BRDA:5,1,1,1
BRF:3
BRH:3
end_of_record
TN:
SF:src\redux\reducers\usersReducer.ts
FN:4,usersReducer
FNF:1
FNH:1
FNDA:6,usersReducer
DA:5,6
DA:7,1
DA:9,1
DA:11,1
DA:13,2
DA:15,1
LF:6
LH:6
BRDA:4,0,0,1
BRDA:5,1,0,1
BRDA:5,1,1,1
BRDA:5,1,2,1
BRDA:5,1,3,2
BRDA:5,1,4,1
BRF:6
BRH:6
end_of_record
TN:
SF:src\utils\validation.ts
FN:1,(anonymous_0)
FN:5,(anonymous_1)
FN:9,(anonymous_2)
FN:12,(anonymous_3)
FNF:4
FNH:4
FNDA:1,(anonymous_0)
FNDA:1,(anonymous_1)
FNDA:1,(anonymous_2)
FNDA:1,(anonymous_3)
DA:1,2
DA:2,1
DA:5,2
DA:6,1
DA:9,2
DA:10,1
DA:12,2
DA:13,1
LF:8
LH:8
BRF:0
BRH:0
end_of_record
